android/app/build/intermediates/manifest_merge_blame_file/release/manifest-merger-blame-release-report.txt
1<?xml version="1.0" encoding="utf-8"?>
2<manifest xmlns:android="http://schemas.android.com/apk/res/android"
3    package="com.messagesccu"
4    android:versionCode="1"
5    android:versionName="1.0" >
6
7    <uses-sdk
8        android:minSdkVersion="21"
8-->src\main\AndroidManifest.xml
9        android:targetSdkVersion="31" />
9-->src\main\AndroidManifest.xml
10
11    <uses-permission android:name="android.permission.INTERNET" />
11-->src\main\AndroidManifest.xml:4:5-67
11-->src\main\AndroidManifest.xml:4:22-64
12    <uses-permission android:name="android.permission.SYSTEM_ALERT_WINDOW" />
12-->src\main\AndroidManifest.xml:5:5-77
12-->src\main\AndroidManifest.xml:5:22-75
13    <uses-permission android:name="android.permission.READ_PHONE_STATE" />
13-->src\main\AndroidManifest.xml:6:5-74
13-->src\main\AndroidManifest.xml:6:22-72
14    <uses-permission android:name="android.permission.USE_FINGERPRINT" />
14-->src\main\AndroidManifest.xml:7:5-73
14-->src\main\AndroidManifest.xml:7:22-71
15    <uses-permission android:name="android.permission.USE_BIOMETRIC" />
15-->src\main\AndroidManifest.xml:8:5-71
15-->src\main\AndroidManifest.xml:8:22-69
16    <uses-permission android:name="android.permission.VIBRATE" />
16-->src\main\AndroidManifest.xml:9:5-65
16-->src\main\AndroidManifest.xml:9:22-63
17    <uses-permission android:name="android.permission.MODIFY_AUDIO_SETTINGS" />
17-->src\main\AndroidManifest.xml:10:5-79
17-->src\main\AndroidManifest.xml:10:22-77
18    <uses-permission android:name="android.permission.ACCESS_COARSE_LOCATION" />
18-->src\main\AndroidManifest.xml:11:5-80
18-->src\main\AndroidManifest.xml:11:22-78
19    <uses-permission android:name="android.permission.ACCESS_FINE_LOCATION" />
19-->src\main\AndroidManifest.xml:12:5-78
19-->src\main\AndroidManifest.xml:12:22-76
20    <uses-permission android:name="android.permission.ACCESS_BACKGROUND_LOCATION" />
20-->src\main\AndroidManifest.xml:13:5-84
20-->src\main\AndroidManifest.xml:13:22-82
21    <uses-permission android:name="android.permission.CAMERA" />
21-->src\main\AndroidManifest.xml:14:5-64
21-->src\main\AndroidManifest.xml:14:22-62
22    <uses-permission android:name="android.permission.RECORD_AUDIO" />
22-->src\main\AndroidManifest.xml:15:5-70
22-->src\main\AndroidManifest.xml:15:22-68
23    <uses-permission android:name="android.permission.READ_CONTACTS" />
23-->src\main\AndroidManifest.xml:16:5-71
23-->src\main\AndroidManifest.xml:16:22-69
24    <uses-permission android:name="android.permission.WRITE_CONTACTS" />
24-->src\main\AndroidManifest.xml:17:5-72
24-->src\main\AndroidManifest.xml:17:22-70
25    <uses-permission android:name="android.permission.READ_CALENDAR" />
25-->src\main\AndroidManifest.xml:18:5-71
25-->src\main\AndroidManifest.xml:18:22-69
26    <uses-permission android:name="android.permission.WRITE_CALENDAR" />
26-->src\main\AndroidManifest.xml:19:5-72
26-->src\main\AndroidManifest.xml:19:22-70
27    <uses-permission android:name="android.permission.READ_EXTERNAL_STORAGE" />
27-->src\main\AndroidManifest.xml:20:5-79
27-->src\main\AndroidManifest.xml:20:22-77
28    <uses-permission android:name="android.permission.WRITE_EXTERNAL_STORAGE" />
28-->src\main\AndroidManifest.xml:21:5-80
28-->src\main\AndroidManifest.xml:21:22-78
29    <uses-permission android:name="android.permission.WRITE_SETTINGS" />
29-->src\main\AndroidManifest.xml:22:5-72
29-->src\main\AndroidManifest.xml:22:22-70
30    <uses-permission android:name="android.permission.MANAGE_DOCUMENTS" />
30-->src\main\AndroidManifest.xml:23:5-74
30-->src\main\AndroidManifest.xml:23:22-72
31    <uses-permission android:name="android.permission.ACCESS_NETWORK_STATE" />
31-->[:react-native-community_netinfo] AndroidManifest.xml:9:5-79
31-->[:react-native-community_netinfo] AndroidManifest.xml:9:22-76
32    <uses-permission android:name="android.permission.ACCESS_WIFI_STATE" />
32-->[:react-native-community_netinfo] AndroidManifest.xml:10:5-76
32-->[:react-native-community_netinfo] AndroidManifest.xml:10:22-73
33    <uses-permission android:name="android.permission.WAKE_LOCK" />
33-->[:react-native-firebase_auth] AndroidManifest.xml:10:5-68
33-->[:react-native-firebase_auth] AndroidManifest.xml:10:22-65
34
35    <queries>
35-->[:react-native-image-crop-picker] AndroidManifest.xml:9:5-13:15
36        <intent>
36-->[:react-native-image-crop-picker] AndroidManifest.xml:10:9-12:18
37            <action android:name="android.media.action.IMAGE_CAPTURE" />
37-->[:react-native-image-crop-picker] AndroidManifest.xml:11:13-73
37-->[:react-native-image-crop-picker] AndroidManifest.xml:11:21-70
38        </intent>
39    </queries>
40
41    <application
41-->src\main\AndroidManifest.xml:25:5-44:19
42        android:name="com.messagesccu.MainApplication"
42-->src\main\AndroidManifest.xml:26:7-38
43        android:allowBackup="false"
43-->src\main\AndroidManifest.xml:30:7-34
44        android:appComponentFactory="androidx.core.app.CoreComponentFactory"
44-->[androidx.core:core:1.6.0] AndroidManifest.xml:24:18-86
45        android:icon="@mipmap/ic_launcher"
45-->src\main\AndroidManifest.xml:28:7-41
46        android:label="@string/app_name"
46-->src\main\AndroidManifest.xml:27:7-39
47        android:roundIcon="@mipmap/ic_launcher_round"
47-->src\main\AndroidManifest.xml:29:7-52
48        android:theme="@style/AppTheme" >
48-->src\main\AndroidManifest.xml:31:7-38
49        <activity
49-->src\main\AndroidManifest.xml:32:7-43:18
50            android:name="com.messagesccu.MainActivity"
50-->src\main\AndroidManifest.xml:33:9-37
51            android:configChanges="keyboard|keyboardHidden|orientation|screenLayout|screenSize|smallestScreenSize|uiMode"
51-->src\main\AndroidManifest.xml:35:9-118
52            android:exported="true"
52-->src\main\AndroidManifest.xml:38:9-32
53            android:label="@string/app_name"
53-->src\main\AndroidManifest.xml:34:9-41
54            android:launchMode="singleTask"
54-->src\main\AndroidManifest.xml:36:9-40
55            android:windowSoftInputMode="adjustResize" >
55-->src\main\AndroidManifest.xml:37:9-51
56            <intent-filter>
56-->src\main\AndroidManifest.xml:39:9-42:25
57                <action android:name="android.intent.action.MAIN" />
57-->src\main\AndroidManifest.xml:40:13-65
57-->src\main\AndroidManifest.xml:40:21-62
58
59                <category android:name="android.intent.category.LAUNCHER" />
59-->src\main\AndroidManifest.xml:41:13-73
59-->src\main\AndroidManifest.xml:41:23-70
60            </intent-filter>
61        </activity>
62
63        <meta-data
63-->[:react-native-firebase_app] AndroidManifest.xml:11:9-13:36
64            android:name="app_data_collection_default_enabled"
64-->[:react-native-firebase_app] AndroidManifest.xml:12:13-63
65            android:value="true" />
65-->[:react-native-firebase_app] AndroidManifest.xml:13:13-33
66
67        <service
67-->[:react-native-firebase_app] AndroidManifest.xml:15:9-23:19
68            android:name="com.google.firebase.components.ComponentDiscoveryService"
68-->[:react-native-firebase_app] AndroidManifest.xml:16:13-84
69            android:directBootAware="true"
69-->[:react-native-firebase_app] AndroidManifest.xml:17:13-43
70            android:exported="false" >
70-->[:react-native-firebase_app] AndroidManifest.xml:18:13-37
71            <meta-data
71-->[:react-native-firebase_app] AndroidManifest.xml:20:13-22:85
72                android:name="com.google.firebase.components:io.invertase.firebase.app.ReactNativeFirebaseAppRegistrar"
72-->[:react-native-firebase_app] AndroidManifest.xml:21:17-120
73                android:value="com.google.firebase.components.ComponentRegistrar" />
73-->[:react-native-firebase_app] AndroidManifest.xml:22:17-82
74            <meta-data
74-->[com.google.firebase:firebase-firestore:24.4.4] AndroidManifest.xml:19:13-21:85
75                android:name="com.google.firebase.components:com.google.firebase.firestore.FirestoreRegistrar"
75-->[com.google.firebase:firebase-firestore:24.4.4] AndroidManifest.xml:20:17-111
76                android:value="com.google.firebase.components.ComponentRegistrar" />
76-->[com.google.firebase:firebase-firestore:24.4.4] AndroidManifest.xml:21:17-82
77            <meta-data
77-->[com.google.firebase:firebase-auth:21.1.0] AndroidManifest.xml:67:13-69:85
78                android:name="com.google.firebase.components:com.google.firebase.auth.FirebaseAuthRegistrar"
78-->[com.google.firebase:firebase-auth:21.1.0] AndroidManifest.xml:68:17-109
79                android:value="com.google.firebase.components.ComponentRegistrar" />
79-->[com.google.firebase:firebase-auth:21.1.0] AndroidManifest.xml:69:17-82
80            <meta-data
80-->[com.google.firebase:firebase-storage:20.1.0] AndroidManifest.xml:32:13-34:85
81                android:name="com.google.firebase.components:com.google.firebase.storage.StorageRegistrar"
81-->[com.google.firebase:firebase-storage:20.1.0] AndroidManifest.xml:33:17-107
82                android:value="com.google.firebase.components.ComponentRegistrar" />
82-->[com.google.firebase:firebase-storage:20.1.0] AndroidManifest.xml:34:17-82
83        </service>
84
85        <provider
85-->[:react-native-firebase_app] AndroidManifest.xml:25:9-29:38
86            android:name="io.invertase.firebase.app.ReactNativeFirebaseAppInitProvider"
86-->[:react-native-firebase_app] AndroidManifest.xml:26:13-88
87            android:authorities="com.messagesccu.reactnativefirebaseappinitprovider"
87-->[:react-native-firebase_app] AndroidManifest.xml:27:13-86
88            android:exported="false"
88-->[:react-native-firebase_app] AndroidManifest.xml:28:13-37
89            android:initOrder="99" />
89-->[:react-native-firebase_app] AndroidManifest.xml:29:13-35
90        <provider
90-->[:react-native-image-crop-picker] AndroidManifest.xml:18:9-26:20
91            android:name="com.reactnative.ivpusic.imagepicker.IvpusicImagePickerFileProvider"
91-->[:react-native-image-crop-picker] AndroidManifest.xml:19:13-94
92            android:authorities="com.messagesccu.provider"
92-->[:react-native-image-crop-picker] AndroidManifest.xml:20:13-60
93            android:exported="false"
93-->[:react-native-image-crop-picker] AndroidManifest.xml:21:13-37
94            android:grantUriPermissions="true" >
94-->[:react-native-image-crop-picker] AndroidManifest.xml:22:13-47
95            <meta-data
95-->[:react-native-image-crop-picker] AndroidManifest.xml:23:13-25:78
96                android:name="android.support.FILE_PROVIDER_PATHS"
96-->[:react-native-image-crop-picker] AndroidManifest.xml:24:17-67
97                android:resource="@xml/ivpusic_imagepicker_provider_paths" />
97-->[:react-native-image-crop-picker] AndroidManifest.xml:25:17-75
98        </provider>
99
100        <activity
100-->[:react-native-image-crop-picker] AndroidManifest.xml:28:9-30:72
101            android:name="com.yalantis.ucrop.UCropActivity"
101-->[:react-native-image-crop-picker] AndroidManifest.xml:29:13-60
102            android:theme="@style/Theme.AppCompat.Light.NoActionBar" />
102-->[:react-native-image-crop-picker] AndroidManifest.xml:30:13-69
103        <activity
103-->[com.google.firebase:firebase-auth:21.1.0] AndroidManifest.xml:27:9-44:20
104            android:name="com.google.firebase.auth.internal.GenericIdpActivity"
104-->[com.google.firebase:firebase-auth:21.1.0] AndroidManifest.xml:28:13-80
105            android:excludeFromRecents="true"
105-->[com.google.firebase:firebase-auth:21.1.0] AndroidManifest.xml:29:13-46
106            android:exported="true"
106-->[com.google.firebase:firebase-auth:21.1.0] AndroidManifest.xml:30:13-36
107            android:launchMode="singleTask"
107-->[com.google.firebase:firebase-auth:21.1.0] AndroidManifest.xml:31:13-44
108            android:theme="@android:style/Theme.Translucent.NoTitleBar" >
108-->[com.google.firebase:firebase-auth:21.1.0] AndroidManifest.xml:32:13-72
109            <intent-filter>
109-->[com.google.firebase:firebase-auth:21.1.0] AndroidManifest.xml:33:13-43:29
110                <action android:name="android.intent.action.VIEW" />
110-->[com.google.firebase:firebase-auth:21.1.0] AndroidManifest.xml:34:17-69
110-->[com.google.firebase:firebase-auth:21.1.0] AndroidManifest.xml:34:25-66
111
112                <category android:name="android.intent.category.DEFAULT" />
112-->[com.google.firebase:firebase-auth:21.1.0] AndroidManifest.xml:36:17-76
112-->[com.google.firebase:firebase-auth:21.1.0] AndroidManifest.xml:36:27-73
113                <category android:name="android.intent.category.BROWSABLE" />
113-->[com.google.firebase:firebase-auth:21.1.0] AndroidManifest.xml:37:17-78
113-->[com.google.firebase:firebase-auth:21.1.0] AndroidManifest.xml:37:27-75
114
115                <data
115-->[com.google.firebase:firebase-auth:21.1.0] AndroidManifest.xml:39:17-42:51
116                    android:host="firebase.auth"
116-->[com.google.firebase:firebase-auth:21.1.0] AndroidManifest.xml:40:21-49
117                    android:path="/"
117-->[com.google.firebase:firebase-auth:21.1.0] AndroidManifest.xml:41:21-37
118                    android:scheme="genericidp" />
118-->[com.google.firebase:firebase-auth:21.1.0] AndroidManifest.xml:42:21-48
119            </intent-filter>
120        </activity>
121        <activity
121-->[com.google.firebase:firebase-auth:21.1.0] AndroidManifest.xml:45:9-62:20
122            android:name="com.google.firebase.auth.internal.RecaptchaActivity"
122-->[com.google.firebase:firebase-auth:21.1.0] AndroidManifest.xml:46:13-79
123            android:excludeFromRecents="true"
123-->[com.google.firebase:firebase-auth:21.1.0] AndroidManifest.xml:47:13-46
124            android:exported="true"
124-->[com.google.firebase:firebase-auth:21.1.0] AndroidManifest.xml:48:13-36
125            android:launchMode="singleTask"
125-->[com.google.firebase:firebase-auth:21.1.0] AndroidManifest.xml:49:13-44
126            android:theme="@android:style/Theme.Translucent.NoTitleBar" >
126-->[com.google.firebase:firebase-auth:21.1.0] AndroidManifest.xml:50:13-72
127            <intent-filter>
127-->[com.google.firebase:firebase-auth:21.1.0] AndroidManifest.xml:51:13-61:29
128                <action android:name="android.intent.action.VIEW" />
128-->[com.google.firebase:firebase-auth:21.1.0] AndroidManifest.xml:34:17-69
128-->[com.google.firebase:firebase-auth:21.1.0] AndroidManifest.xml:34:25-66
129
130                <category android:name="android.intent.category.DEFAULT" />
130-->[com.google.firebase:firebase-auth:21.1.0] AndroidManifest.xml:36:17-76
130-->[com.google.firebase:firebase-auth:21.1.0] AndroidManifest.xml:36:27-73
131                <category android:name="android.intent.category.BROWSABLE" />
131-->[com.google.firebase:firebase-auth:21.1.0] AndroidManifest.xml:37:17-78
131-->[com.google.firebase:firebase-auth:21.1.0] AndroidManifest.xml:37:27-75
132
133                <data
133-->[com.google.firebase:firebase-auth:21.1.0] AndroidManifest.xml:39:17-42:51
134                    android:host="firebase.auth"
134-->[com.google.firebase:firebase-auth:21.1.0] AndroidManifest.xml:40:21-49
135                    android:path="/"
135-->[com.google.firebase:firebase-auth:21.1.0] AndroidManifest.xml:41:21-37
136                    android:scheme="recaptcha" />
136-->[com.google.firebase:firebase-auth:21.1.0] AndroidManifest.xml:42:21-48
137            </intent-filter>
138        </activity>
139
140        <provider
140-->[com.google.firebase:firebase-common:20.3.1] AndroidManifest.xml:25:9-30:39
141            android:name="com.google.firebase.provider.FirebaseInitProvider"
141-->[com.google.firebase:firebase-common:20.3.1] AndroidManifest.xml:26:13-77
142            android:authorities="com.messagesccu.firebaseinitprovider"
142-->[com.google.firebase:firebase-common:20.3.1] AndroidManifest.xml:27:13-72
143            android:directBootAware="true"
143-->[com.google.firebase:firebase-common:20.3.1] AndroidManifest.xml:28:13-43
144            android:exported="false"
144-->[com.google.firebase:firebase-common:20.3.1] AndroidManifest.xml:29:13-37
145            android:initOrder="100" />
145-->[com.google.firebase:firebase-common:20.3.1] AndroidManifest.xml:30:13-36
146
147        <activity
147-->[com.google.android.gms:play-services-auth:20.3.0] AndroidManifest.xml:23:9-27:75
148            android:name="com.google.android.gms.auth.api.signin.internal.SignInHubActivity"
148-->[com.google.android.gms:play-services-auth:20.3.0] AndroidManifest.xml:24:13-93
149            android:excludeFromRecents="true"
149-->[com.google.android.gms:play-services-auth:20.3.0] AndroidManifest.xml:25:13-46
150            android:exported="false"
150-->[com.google.android.gms:play-services-auth:20.3.0] AndroidManifest.xml:26:13-37
151            android:theme="@android:style/Theme.Translucent.NoTitleBar" />
151-->[com.google.android.gms:play-services-auth:20.3.0] AndroidManifest.xml:27:13-72
152        <!--
153            Service handling Google Sign-In user revocation. For apps that do not integrate with
154            Google Sign-In, this service will never be started.
155        -->
156        <service
156-->[com.google.android.gms:play-services-auth:20.3.0] AndroidManifest.xml:33:9-37:51
157            android:name="com.google.android.gms.auth.api.signin.RevocationBoundService"
157-->[com.google.android.gms:play-services-auth:20.3.0] AndroidManifest.xml:34:13-89
158            android:exported="true"
158-->[com.google.android.gms:play-services-auth:20.3.0] AndroidManifest.xml:35:13-36
159            android:permission="com.google.android.gms.auth.api.signin.permission.REVOCATION_NOTIFICATION"
159-->[com.google.android.gms:play-services-auth:20.3.0] AndroidManifest.xml:36:13-107
160            android:visibleToInstantApps="true" />
160-->[com.google.android.gms:play-services-auth:20.3.0] AndroidManifest.xml:37:13-48
161
162        <activity
162-->[com.google.android.gms:play-services-base:18.0.1] AndroidManifest.xml:20:9-22:45
163            android:name="com.google.android.gms.common.api.GoogleApiActivity"
163-->[com.google.android.gms:play-services-base:18.0.1] AndroidManifest.xml:20:19-85
164            android:exported="false"
164-->[com.google.android.gms:play-services-base:18.0.1] AndroidManifest.xml:22:19-43
165            android:theme="@android:style/Theme.Translucent.NoTitleBar" />
165-->[com.google.android.gms:play-services-base:18.0.1] AndroidManifest.xml:21:19-78
166
167        <meta-data
167-->[com.google.android.gms:play-services-basement:18.1.0] AndroidManifest.xml:21:9-23:69
168            android:name="com.google.android.gms.version"
168-->[com.google.android.gms:play-services-basement:18.1.0] AndroidManifest.xml:22:13-58
169            android:value="@integer/google_play_services_version" />
169-->[com.google.android.gms:play-services-basement:18.1.0] AndroidManifest.xml:23:13-66
170    </application>
171
172</manifest>